<?xml version="1.0" encoding="UTF-8"?>
<!-- Generated by org.testng.reporters.JUnitReportReporter -->
<testsuite hostname="LAPTOP-J5FCD780" failures="0" tests="1" name="com.selenium.assessment.Logout" time="9.777" errors="0" timestamp="2022-01-31T22:36:56 SAST" skipped="0">
  <testcase classname="com.selenium.assessment.Logout" name="exitApp" time="9.777"/>
  <system-out/>
</testsuite> <!-- com.selenium.assessment.Logout -->
