<?xml version="1.0" encoding="UTF-8"?>
<!-- Generated by org.testng.reporters.JUnitReportReporter -->
<testsuite hostname="LAPTOP-J5FCD780" failures="0" tests="1" name="com.selenium.assessment.PageTitle" time="13.107" errors="0" timestamp="2022-01-31T22:36:56 SAST" skipped="0">
  <testcase classname="com.selenium.assessment.PageTitle" name="test_case_one" time="13.107"/>
  <system-out/>
</testsuite> <!-- com.selenium.assessment.PageTitle -->
