<?xml version="1.0" encoding="UTF-8"?>
<!-- Generated by org.testng.reporters.JUnitReportReporter -->
<testsuite hostname="LAPTOP-J5FCD780" failures="0" tests="1" name="com.selenium.assessment.AddButton" time="0.004" errors="0" timestamp="2022-01-31T22:36:56 SAST" skipped="0">
  <testcase classname="com.selenium.assessment.AddButton" name="validateUrl" time="0.004"/>
  <system-out/>
</testsuite> <!-- com.selenium.assessment.AddButton -->
