<?xml version="1.0" encoding="UTF-8"?>
<!-- Generated by org.testng.reporters.JUnitReportReporter -->
<testsuite hostname="LAPTOP-J5FCD780" failures="0" tests="1" name="com.selenium.assessment.SearchAgain" time="7.947" errors="0" timestamp="2022-01-31T22:36:56 SAST" skipped="0">
  <testcase classname="com.selenium.assessment.SearchAgain" name="findUserAgain" time="7.947"/>
  <system-out/>
</testsuite> <!-- com.selenium.assessment.SearchAgain -->
