<?xml version="1.0" encoding="UTF-8"?>
<!-- Generated by org.testng.reporters.JUnitReportReporter -->
<testsuite hostname="LAPTOP-J5FCD780" failures="0" tests="6" name="com.selenium.assessment.AdminTab" time="2.378" errors="0" timestamp="2022-01-31T22:36:56 SAST" skipped="0">
  <testcase classname="com.selenium.assessment.AdminTab" name="test_case_three" time="2.285"/>
  <system-out/>
  <testcase classname="com.selenium.assessment.AdminTab" name="validateAdminUrl" time="0.001"/>
  <system-out/>
  <testcase classname="com.selenium.assessment.AdminTab" name="validateAdd" time="0.025"/>
  <system-out/>
  <testcase classname="com.selenium.assessment.AdminTab" name="validateDelete" time="0.028"/>
  <system-out/>
  <testcase classname="com.selenium.assessment.AdminTab" name="validateSearch" time="0.023"/>
  <system-out/>
  <testcase classname="com.selenium.assessment.AdminTab" name="validateReset" time="0.016"/>
  <system-out/>
</testsuite> <!-- com.selenium.assessment.AdminTab -->
