<?xml version="1.0" encoding="UTF-8"?>
<!-- Generated by org.testng.reporters.JUnitReportReporter -->
<testsuite hostname="LAPTOP-J5FCD780" failures="0" tests="1" name="com.selenium.assessment.Config" time="0.018" errors="0" timestamp="2022-01-31T12:30:08 SAST" skipped="0">
  <testcase classname="com.selenium.assessment.Config" name="f" time="0.018"/>
  <system-out/>
</testsuite> <!-- com.selenium.assessment.Config -->
