<?xml version="1.0" encoding="UTF-8"?>
<!-- Generated by org.testng.reporters.JUnitReportReporter -->
<testsuite hostname="LAPTOP-J5FCD780" failures="0" tests="4" name="com.selenium.assessment.Login" time="14.680" errors="0" timestamp="2022-01-31T22:36:56 SAST" skipped="0">
  <testcase classname="com.selenium.assessment.Login" name="login" time="14.618"/>
  <system-out/>
  <testcase classname="com.selenium.assessment.Login" name="validateUrl" time="0.007"/>
  <system-out/>
  <testcase classname="com.selenium.assessment.Login" name="validateAdminTab" time="0.033"/>
  <system-out/>
  <testcase classname="com.selenium.assessment.Login" name="validateWelcomeAdmin" time="0.022"/>
  <system-out/>
</testsuite> <!-- com.selenium.assessment.Login -->
